# JRE version: Java(TM) SE Runtime Environment (8.0_131-b11) (build 1.8.0_131-b11)
# Java VM: Java HotSpot(TM) 64-Bit Server VM (25.131-b11 mixed mode bsd-amd64 compressed oops)
Heap:
 PSYoungGen      total 683520K, used 148506K [0x000000076ab00000, 0x0000000795e00000, 0x00000007c0000000)
  eden space 661504K, 24% used [0x000000076ab00000,0x0000000774653890,0x0000000793100000)
  from space 22016K, 1% used [0x0000000794880000,0x00000007948c0000,0x0000000795e00000)
  to   space 23040K, 0% used [0x0000000793100000,0x0000000793100000,0x0000000794780000)
 ParOldGen       total 244224K, used 176280K [0x00000006c0000000, 0x00000006cee80000, 0x000000076ab00000)
  object space 244224K, 72% used [0x00000006c0000000,0x00000006cac261b0,0x00000006cee80000)
 Metaspace       used 10257K, capacity 10514K, committed 10752K, reserved 1058816K
  class space    used 1184K, capacity 1270K, committed 1280K, reserved 1048576K
GC Heap History (10 events):
Event: 87.707 GC heap before
{Heap before GC invocations=133 (full 1):
 PSYoungGen      total 683008K, used 655520K [0x000000076ab00000, 0x0000000796100000, 0x00000007c0000000)
  eden space 655360K, 100% used [0x000000076ab00000,0x0000000792b00000,0x0000000792b00000)
  from space 27648K, 0% used [0x0000000792b00000,0x0000000792b28000,0x0000000794600000)
  to   space 26624K, 0% used [0x0000000794700000,0x0000000794700000,0x0000000796100000)
 ParOldGen       total 244224K, used 176280K [0x00000006c0000000, 0x00000006cee80000, 0x000000076ab00000)
  object space 244224K, 72% used [0x00000006c0000000,0x00000006cac261b0,0x00000006cee80000)
 Metaspace       used 10257K, capacity 10514K, committed 10752K, reserved 1058816K
  class space    used 1184K, capacity 1270K, committed 1280K, reserved 1048576K
Event: 87.708 GC heap after
Heap after GC invocations=133 (full 1):
 PSYoungGen      total 681984K, used 192K [0x000000076ab00000, 0x0000000795f00000, 0x00000007c0000000)
  eden space 657408K, 0% used [0x000000076ab00000,0x000000076ab00000,0x0000000792d00000)
  from space 24576K, 0% used [0x0000000794700000,0x0000000794730000,0x0000000795f00000)
  to   space 25600K, 0% used [0x0000000792d00000,0x0000000792d00000,0x0000000794600000)
 ParOldGen       total 244224K, used 176280K [0x00000006c0000000, 0x00000006cee80000, 0x000000076ab00000)
  object space 244224K, 72% used [0x00000006c0000000,0x00000006cac261b0,0x00000006cee80000)
 Metaspace       used 10257K, capacity 10514K, committed 10752K, reserved 1058816K
  class space    used 1184K, capacity 1270K, committed 1280K, reserved 1048576K
}
Event: 88.464 GC heap before
{Heap before GC invocations=134 (full 1):
 PSYoungGen      total 681984K, used 657600K [0x000000076ab00000, 0x0000000795f00000, 0x00000007c0000000)
  eden space 657408K, 100% used [0x000000076ab00000,0x0000000792d00000,0x0000000792d00000)
  from space 24576K, 0% used [0x0000000794700000,0x0000000794730000,0x0000000795f00000)
  to   space 25600K, 0% used [0x0000000792d00000,0x0000000792d00000,0x0000000794600000)
 ParOldGen       total 244224K, used 176280K [0x00000006c0000000, 0x00000006cee80000, 0x000000076ab00000)
  object space 244224K, 72% used [0x00000006c0000000,0x00000006cac261b0,0x00000006cee80000)
 Metaspace       used 10257K, capacity 10514K, committed 10752K, reserved 1058816K
  class space    used 1184K, capacity 1270K, committed 1280K, reserved 1048576K
Event: 88.466 GC heap after
Heap after GC invocations=134 (full 1):
 PSYoungGen      total 683008K, used 224K [0x000000076ab00000, 0x0000000795e00000, 0x00000007c0000000)
  eden space 657408K, 0% used [0x000000076ab00000,0x000000076ab00000,0x0000000792d00000)
  from space 25600K, 0% used [0x0000000792d00000,0x0000000792d38000,0x0000000794600000)
  to   space 24064K, 0% used [0x0000000794680000,0x0000000794680000,0x0000000795e00000)
 ParOldGen       total 244224K, used 176280K [0x00000006c0000000, 0x00000006cee80000, 0x000000076ab00000)
  object space 244224K, 72% used [0x00000006c0000000,0x00000006cac261b0,0x00000006cee80000)
 Metaspace       used 10257K, capacity 10514K, committed 10752K, reserved 1058816K
  class space    used 1184K, capacity 1270K, committed 1280K, reserved 1048576K
}
Event: 89.209 GC heap before
{Heap before GC invocations=135 (full 1):
 PSYoungGen      total 683008K, used 657632K [0x000000076ab00000, 0x0000000795e00000, 0x00000007c0000000)
  eden space 657408K, 100% used [0x000000076ab00000,0x0000000792d00000,0x0000000792d00000)
  from space 25600K, 0% used [0x0000000792d00000,0x0000000792d38000,0x0000000794600000)
  to   space 24064K, 0% used [0x0000000794680000,0x0000000794680000,0x0000000795e00000)
 ParOldGen       total 244224K, used 176280K [0x00000006c0000000, 0x00000006cee80000, 0x000000076ab00000)
  object space 244224K, 72% used [0x00000006c0000000,0x00000006cac261b0,0x00000006cee80000)
 Metaspace       used 10257K, capacity 10514K, committed 10752K, reserved 1058816K
  class space    used 1184K, capacity 1270K, committed 1280K, reserved 1048576K
Event: 89.210 GC heap after
Heap after GC invocations=135 (full 1):
 PSYoungGen      total 681472K, used 224K [0x000000076ab00000, 0x0000000795c00000, 0x00000007c0000000)
  eden space 659456K, 0% used [0x000000076ab00000,0x000000076ab00000,0x0000000792f00000)
  from space 22016K, 1% used [0x0000000794680000,0x00000007946b8000,0x0000000795c00000)
  to   space 23040K, 0% used [0x0000000792f00000,0x0000000792f00000,0x0000000794580000)
 ParOldGen       total 244224K, used 176280K [0x00000006c0000000, 0x00000006cee80000, 0x000000076ab00000)
  object space 244224K, 72% used [0x00000006c0000000,0x00000006cac261b0,0x00000006cee80000)
 Metaspace       used 10257K, capacity 10514K, committed 10752K, reserved 1058816K
  class space    used 1184K, capacity 1270K, committed 1280K, reserved 1048576K
}
Event: 89.963 GC heap before
{Heap before GC invocations=136 (full 1):
 PSYoungGen      total 681472K, used 659680K [0x000000076ab00000, 0x0000000795c00000, 0x00000007c0000000)
  eden space 659456K, 100% used [0x000000076ab00000,0x0000000792f00000,0x0000000792f00000)
  from space 22016K, 1% used [0x0000000794680000,0x00000007946b8000,0x0000000795c00000)
  to   space 23040K, 0% used [0x0000000792f00000,0x0000000792f00000,0x0000000794580000)
 ParOldGen       total 244224K, used 176280K [0x00000006c0000000, 0x00000006cee80000, 0x000000076ab00000)
  object space 244224K, 72% used [0x00000006c0000000,0x00000006cac261b0,0x00000006cee80000)
 Metaspace       used 10257K, capacity 10514K, committed 10752K, reserved 1058816K
  class space    used 1184K, capacity 1270K, committed 1280K, reserved 1048576K
Event: 89.965 GC heap after
Heap after GC invocations=136 (full 1):
 PSYoungGen      total 682496K, used 12030K [0x000000076ab00000, 0x0000000796000000, 0x00000007c0000000)
  eden space 659456K, 0% used [0x000000076ab00000,0x000000076ab00000,0x0000000792f00000)
  from space 23040K, 52% used [0x0000000792f00000,0x0000000793abf908,0x0000000794580000)
  to   space 24064K, 0% used [0x0000000794880000,0x0000000794880000,0x0000000796000000)
 ParOldGen       total 244224K, used 176280K [0x00000006c0000000, 0x00000006cee80000, 0x000000076ab00000)
  object space 244224K, 72% used [0x00000006c0000000,0x00000006cac261b0,0x00000006cee80000)
 Metaspace       used 10257K, capacity 10514K, committed 10752K, reserved 1058816K
  class space    used 1184K, capacity 1270K, committed 1280K, reserved 1048576K
}
Event: 90.725 GC heap before
{Heap before GC invocations=137 (full 1):
 PSYoungGen      total 682496K, used 671486K [0x000000076ab00000, 0x0000000796000000, 0x00000007c0000000)
  eden space 659456K, 100% used [0x000000076ab00000,0x0000000792f00000,0x0000000792f00000)
  from space 23040K, 52% used [0x0000000792f00000,0x0000000793abf908,0x0000000794580000)
  to   space 24064K, 0% used [0x0000000794880000,0x0000000794880000,0x0000000796000000)
 ParOldGen       total 244224K, used 176280K [0x00000006c0000000, 0x00000006cee80000, 0x000000076ab00000)
  object space 244224K, 72% used [0x00000006c0000000,0x00000006cac261b0,0x00000006cee80000)
 Metaspace       used 10257K, capacity 10514K, committed 10752K, reserved 1058816K
  class space    used 1184K, capacity 1270K, committed 1280K, reserved 1048576K
Event: 90.727 GC heap after
Heap after GC invocations=137 (full 1):
 PSYoungGen      total 683520K, used 256K [0x000000076ab00000, 0x0000000795e00000, 0x00000007c0000000)
  eden space 661504K, 0% used [0x000000076ab00000,0x000000076ab00000,0x0000000793100000)
  from space 22016K, 1% used [0x0000000794880000,0x00000007948c0000,0x0000000795e00000)
  to   space 23040K, 0% used [0x0000000793100000,0x0000000793100000,0x0000000794780000)
 ParOldGen       total 244224K, used 176280K [0x00000006c0000000, 0x00000006cee80000, 0x000000076ab00000)
  object space 244224K, 72% used [0x00000006c0000000,0x00000006cac261b0,0x00000006cee80000)
 Metaspace       used 10257K, capacity 10514K, committed 10752K, reserved 1058816K
  class space    used 1184K, capacity 1270K, committed 1280K, reserved 1048576K
}

