# JRE version: Java(TM) SE Runtime Environment (8.0_131-b11) (build 1.8.0_131-b11)
# Java VM: Java HotSpot(TM) 64-Bit Server VM (25.131-b11 mixed mode bsd-amd64 compressed oops)
Heap:
 PSYoungGen      total 101888K, used 4991K [0x000000076ab00000, 0x0000000771200000, 0x00000007c0000000)
  eden space 99840K, 4% used [0x000000076ab00000,0x000000076afdfe30,0x0000000770c80000)
  from space 2048K, 0% used [0x0000000770c80000,0x0000000770c80000,0x0000000770e80000)
  to   space 2560K, 0% used [0x0000000770f80000,0x0000000770f80000,0x0000000771200000)
 ParOldGen       total 73728K, used 7072K [0x00000006c0000000, 0x00000006c4800000, 0x000000076ab00000)
  object space 73728K, 9% used [0x00000006c0000000,0x00000006c06e8088,0x00000006c4800000)
 Metaspace       used 10954K, capacity 11298K, committed 11392K, reserved 1058816K
  class space    used 1276K, capacity 1368K, committed 1408K, reserved 1048576K
GC Heap History (10 events):
Event: 3272.026 GC heap before
{Heap before GC invocations=25546 (full 0):
 PSYoungGen      total 72704K, used 69824K [0x000000076ab00000, 0x0000000770580000, 0x00000007c0000000)
  eden space 69632K, 100% used [0x000000076ab00000,0x000000076ef00000,0x000000076ef00000)
  from space 3072K, 6% used [0x000000076ff80000,0x000000076ffb0000,0x0000000770280000)
  to   space 2560K, 0% used [0x0000000770300000,0x0000000770300000,0x0000000770580000)
 ParOldGen       total 175104K, used 174229K [0x00000006c0000000, 0x00000006cab00000, 0x000000076ab00000)
  object space 175104K, 99% used [0x00000006c0000000,0x00000006caa25468,0x00000006cab00000)
 Metaspace       used 10952K, capacity 11234K, committed 11392K, reserved 1058816K
  class space    used 1275K, capacity 1368K, committed 1408K, reserved 1048576K
Event: 3272.027 GC heap after
Heap after GC invocations=25546 (full 0):
 PSYoungGen      total 84480K, used 160K [0x000000076ab00000, 0x0000000770380000, 0x00000007c0000000)
  eden space 83968K, 0% used [0x000000076ab00000,0x000000076ab00000,0x000000076fd00000)
  from space 512K, 31% used [0x0000000770300000,0x0000000770328000,0x0000000770380000)
  to   space 2560K, 0% used [0x000000076fe80000,0x000000076fe80000,0x0000000770100000)
 ParOldGen       total 175104K, used 174229K [0x00000006c0000000, 0x00000006cab00000, 0x000000076ab00000)
  object space 175104K, 99% used [0x00000006c0000000,0x00000006caa25468,0x00000006cab00000)
 Metaspace       used 10952K, capacity 11234K, committed 11392K, reserved 1058816K
  class space    used 1275K, capacity 1368K, committed 1408K, reserved 1048576K
}
Event: 3272.134 GC heap before
{Heap before GC invocations=25547 (full 0):
 PSYoungGen      total 84480K, used 84128K [0x000000076ab00000, 0x0000000770380000, 0x00000007c0000000)
  eden space 83968K, 100% used [0x000000076ab00000,0x000000076fd00000,0x000000076fd00000)
  from space 512K, 31% used [0x0000000770300000,0x0000000770328000,0x0000000770380000)
  to   space 2560K, 0% used [0x000000076fe80000,0x000000076fe80000,0x0000000770100000)
 ParOldGen       total 175104K, used 174229K [0x00000006c0000000, 0x00000006cab00000, 0x000000076ab00000)
  object space 175104K, 99% used [0x00000006c0000000,0x00000006caa25468,0x00000006cab00000)
 Metaspace       used 10952K, capacity 11234K, committed 11392K, reserved 1058816K
  class space    used 1275K, capacity 1368K, committed 1408K, reserved 1048576K
Event: 3272.135 GC heap after
Heap after GC invocations=25547 (full 0):
 PSYoungGen      total 88064K, used 160K [0x000000076ab00000, 0x0000000771280000, 0x00000007c0000000)
  eden space 85504K, 0% used [0x000000076ab00000,0x000000076ab00000,0x000000076fe80000)
  from space 2560K, 6% used [0x000000076fe80000,0x000000076fea8000,0x0000000770100000)
  to   space 2560K, 0% used [0x0000000771000000,0x0000000771000000,0x0000000771280000)
 ParOldGen       total 175104K, used 174229K [0x00000006c0000000, 0x00000006cab00000, 0x000000076ab00000)
  object space 175104K, 99% used [0x00000006c0000000,0x00000006caa25468,0x00000006cab00000)
 Metaspace       used 10952K, capacity 11234K, committed 11392K, reserved 1058816K
  class space    used 1275K, capacity 1368K, committed 1408K, reserved 1048576K
}
Event: 3272.242 GC heap before
{Heap before GC invocations=25548 (full 0):
 PSYoungGen      total 88064K, used 85664K [0x000000076ab00000, 0x0000000771280000, 0x00000007c0000000)
  eden space 85504K, 100% used [0x000000076ab00000,0x000000076fe80000,0x000000076fe80000)
  from space 2560K, 6% used [0x000000076fe80000,0x000000076fea8000,0x0000000770100000)
  to   space 2560K, 0% used [0x0000000771000000,0x0000000771000000,0x0000000771280000)
 ParOldGen       total 175104K, used 174229K [0x00000006c0000000, 0x00000006cab00000, 0x000000076ab00000)
  object space 175104K, 99% used [0x00000006c0000000,0x00000006caa25468,0x00000006cab00000)
 Metaspace       used 10952K, capacity 11234K, committed 11392K, reserved 1058816K
  class space    used 1275K, capacity 1368K, committed 1408K, reserved 1048576K
Event: 3272.243 GC heap after
Heap after GC invocations=25548 (full 0):
 PSYoungGen      total 83968K, used 160K [0x000000076ab00000, 0x0000000771080000, 0x00000007c0000000)
  eden space 83456K, 0% used [0x000000076ab00000,0x000000076ab00000,0x000000076fc80000)
  from space 512K, 31% used [0x0000000771000000,0x0000000771028000,0x0000000771080000)
  to   space 2048K, 0% used [0x0000000770c80000,0x0000000770c80000,0x0000000770e80000)
 ParOldGen       total 175104K, used 174229K [0x00000006c0000000, 0x00000006cab00000, 0x000000076ab00000)
  object space 175104K, 99% used [0x00000006c0000000,0x00000006caa25468,0x00000006cab00000)
 Metaspace       used 10952K, capacity 11234K, committed 11392K, reserved 1058816K
  class space    used 1275K, capacity 1368K, committed 1408K, reserved 1048576K
}
Event: 3272.338 GC heap before
{Heap before GC invocations=25549 (full 0):
 PSYoungGen      total 83968K, used 83616K [0x000000076ab00000, 0x0000000771080000, 0x00000007c0000000)
  eden space 83456K, 100% used [0x000000076ab00000,0x000000076fc80000,0x000000076fc80000)
  from space 512K, 31% used [0x0000000771000000,0x0000000771028000,0x0000000771080000)
  to   space 2048K, 0% used [0x0000000770c80000,0x0000000770c80000,0x0000000770e80000)
 ParOldGen       total 175104K, used 174229K [0x00000006c0000000, 0x00000006cab00000, 0x000000076ab00000)
  object space 175104K, 99% used [0x00000006c0000000,0x00000006caa25468,0x00000006cab00000)
 Metaspace       used 10952K, capacity 11234K, committed 11392K, reserved 1058816K
  class space    used 1275K, capacity 1368K, committed 1408K, reserved 1048576K
Event: 3272.340 GC heap after
Heap after GC invocations=25549 (full 0):
 PSYoungGen      total 101888K, used 1781K [0x000000076ab00000, 0x0000000771200000, 0x00000007c0000000)
  eden space 99840K, 0% used [0x000000076ab00000,0x000000076ab00000,0x0000000770c80000)
  from space 2048K, 86% used [0x0000000770c80000,0x0000000770e3d470,0x0000000770e80000)
  to   space 2560K, 0% used [0x0000000770f80000,0x0000000770f80000,0x0000000771200000)
 ParOldGen       total 175104K, used 175023K [0x00000006c0000000, 0x00000006cab00000, 0x000000076ab00000)
  object space 175104K, 99% used [0x00000006c0000000,0x00000006caaebea0,0x00000006cab00000)
 Metaspace       used 10952K, capacity 11234K, committed 11392K, reserved 1058816K
  class space    used 1275K, capacity 1368K, committed 1408K, reserved 1048576K
}
Event: 3272.340 GC heap before
{Heap before GC invocations=25550 (full 1):
 PSYoungGen      total 101888K, used 1781K [0x000000076ab00000, 0x0000000771200000, 0x00000007c0000000)
  eden space 99840K, 0% used [0x000000076ab00000,0x000000076ab00000,0x0000000770c80000)
  from space 2048K, 86% used [0x0000000770c80000,0x0000000770e3d470,0x0000000770e80000)
  to   space 2560K, 0% used [0x0000000770f80000,0x0000000770f80000,0x0000000771200000)
 ParOldGen       total 175104K, used 175023K [0x00000006c0000000, 0x00000006cab00000, 0x000000076ab00000)
  object space 175104K, 99% used [0x00000006c0000000,0x00000006caaebea0,0x00000006cab00000)
 Metaspace       used 10952K, capacity 11234K, committed 11392K, reserved 1058816K
  class space    used 1275K, capacity 1368K, committed 1408K, reserved 1048576K
Event: 3272.372 GC heap after
Heap after GC invocations=25550 (full 1):
 PSYoungGen      total 101888K, used 0K [0x000000076ab00000, 0x0000000771200000, 0x00000007c0000000)
  eden space 99840K, 0% used [0x000000076ab00000,0x000000076ab00000,0x0000000770c80000)
  from space 2048K, 0% used [0x0000000770c80000,0x0000000770c80000,0x0000000770e80000)
  to   space 2560K, 0% used [0x0000000770f80000,0x0000000770f80000,0x0000000771200000)
 ParOldGen       total 73728K, used 7072K [0x00000006c0000000, 0x00000006c4800000, 0x000000076ab00000)
  object space 73728K, 9% used [0x00000006c0000000,0x00000006c06e8088,0x00000006c4800000)
 Metaspace       used 10952K, capacity 11234K, committed 11392K, reserved 1058816K
  class space    used 1275K, capacity 1368K, committed 1408K, reserved 1048576K
}

